[2024-11-19 00:12:03,708] INFO Registered kafka:type=kafka.Log4jController MBean (kafka.utils.Log4jControllerRegistration$)
[2024-11-19 00:12:03,864] ERROR Exiting Kafka due to fatal exception (kafka.Kafka$)
java.nio.file.NoSuchFileException: config/server.properties
	at java.base/sun.nio.fs.UnixException.translateToIOException(UnixException.java:92)
	at java.base/sun.nio.fs.UnixException.rethrowAsIOException(UnixException.java:106)
	at java.base/sun.nio.fs.UnixException.rethrowAsIOException(UnixException.java:111)
	at java.base/sun.nio.fs.UnixFileSystemProvider.newByteChannel(UnixFileSystemProvider.java:261)
	at java.base/java.nio.file.Files.newByteChannel(Files.java:379)
	at java.base/java.nio.file.Files.newByteChannel(Files.java:431)
	at java.base/java.nio.file.spi.FileSystemProvider.newInputStream(FileSystemProvider.java:420)
	at java.base/java.nio.file.Files.newInputStream(Files.java:159)
	at org.apache.kafka.common.utils.Utils.loadProps(Utils.java:668)
	at kafka.Kafka$.getPropsFromArgs(Kafka.scala:52)
	at kafka.Kafka$.main(Kafka.scala:86)
	at kafka.Kafka.main(Kafka.scala)
[2024-11-19 00:12:41,588] INFO Reading configuration from: config/zookeeper.properties (org.apache.zookeeper.server.quorum.QuorumPeerConfig)
[2024-11-19 00:12:41,590] WARN config/zookeeper.properties is relative. Prepend ./ to indicate that you're sure! (org.apache.zookeeper.server.quorum.QuorumPeerConfig)
[2024-11-19 00:12:41,592] ERROR Invalid config, exiting abnormally (org.apache.zookeeper.server.quorum.QuorumPeerMain)
org.apache.zookeeper.server.quorum.QuorumPeerConfig$ConfigException: Error processing config/zookeeper.properties
	at org.apache.zookeeper.server.quorum.QuorumPeerConfig.parse(QuorumPeerConfig.java:198)
	at org.apache.zookeeper.server.quorum.QuorumPeerMain.initializeAndRun(QuorumPeerMain.java:124)
	at org.apache.zookeeper.server.quorum.QuorumPeerMain.main(QuorumPeerMain.java:90)
Caused by: java.lang.IllegalArgumentException: config/zookeeper.properties file is missing
	at org.apache.zookeeper.server.util.VerifyingFileFactory.doFailForNonExistingPath(VerifyingFileFactory.java:54)
	at org.apache.zookeeper.server.util.VerifyingFileFactory.validate(VerifyingFileFactory.java:47)
	at org.apache.zookeeper.server.util.VerifyingFileFactory.create(VerifyingFileFactory.java:39)
	at org.apache.zookeeper.server.quorum.QuorumPeerConfig.parse(QuorumPeerConfig.java:180)
	... 2 more
[2024-11-19 00:12:41,597] INFO ZooKeeper audit is disabled. (org.apache.zookeeper.audit.ZKAuditProvider)
[2024-11-19 00:12:41,600] ERROR Exiting JVM with code 2 (org.apache.zookeeper.util.ServiceUtils)
[2024-11-19 00:12:48,062] INFO Registered kafka:type=kafka.Log4jController MBean (kafka.utils.Log4jControllerRegistration$)
[2024-11-19 00:12:48,230] ERROR Exiting Kafka due to fatal exception (kafka.Kafka$)
java.nio.file.NoSuchFileException: config/server.properties
	at java.base/sun.nio.fs.UnixException.translateToIOException(UnixException.java:92)
	at java.base/sun.nio.fs.UnixException.rethrowAsIOException(UnixException.java:106)
	at java.base/sun.nio.fs.UnixException.rethrowAsIOException(UnixException.java:111)
	at java.base/sun.nio.fs.UnixFileSystemProvider.newByteChannel(UnixFileSystemProvider.java:261)
	at java.base/java.nio.file.Files.newByteChannel(Files.java:379)
	at java.base/java.nio.file.Files.newByteChannel(Files.java:431)
	at java.base/java.nio.file.spi.FileSystemProvider.newInputStream(FileSystemProvider.java:420)
	at java.base/java.nio.file.Files.newInputStream(Files.java:159)
	at org.apache.kafka.common.utils.Utils.loadProps(Utils.java:668)
	at kafka.Kafka$.getPropsFromArgs(Kafka.scala:52)
	at kafka.Kafka$.main(Kafka.scala:86)
	at kafka.Kafka.main(Kafka.scala)
[2024-11-19 00:14:35,508] INFO Registered kafka:type=kafka.Log4jController MBean (kafka.utils.Log4jControllerRegistration$)
[2024-11-19 00:14:35,831] INFO Setting -D jdk.tls.rejectClientInitiatedRenegotiation=true to disable client-initiated TLS renegotiation (org.apache.zookeeper.common.X509Util)
[2024-11-19 00:14:35,862] ERROR Exiting Kafka due to fatal exception (kafka.Kafka$)
java.lang.IllegalArgumentException: Error creating broker listeners from 'PLAINTEXT:??localhost:9092': Unable to parse PLAINTEXT:??localhost:9092 to a broker endpoint
	at kafka.utils.CoreUtils$.listenerListToEndPoints(CoreUtils.scala:273)
	at kafka.server.KafkaConfig.effectiveAdvertisedListeners(KafkaConfig.scala:1924)
	at kafka.server.KafkaConfig.validateValues(KafkaConfig.scala:2033)
	at kafka.server.KafkaConfig.<init>(KafkaConfig.scala:1997)
	at kafka.server.KafkaConfig.<init>(KafkaConfig.scala:1471)
	at kafka.Kafka$.buildServer(Kafka.scala:67)
	at kafka.Kafka$.main(Kafka.scala:87)
	at kafka.Kafka.main(Kafka.scala)
Caused by: org.apache.kafka.common.KafkaException: Unable to parse PLAINTEXT:??localhost:9092 to a broker endpoint
	at kafka.cluster.EndPoint$.createEndPoint(EndPoint.scala:58)
	at kafka.utils.CoreUtils$.$anonfun$listenerListToEndPoints$6(CoreUtils.scala:270)
	at scala.collection.StrictOptimizedIterableOps.map(StrictOptimizedIterableOps.scala:100)
	at scala.collection.StrictOptimizedIterableOps.map$(StrictOptimizedIterableOps.scala:87)
	at scala.collection.mutable.ArraySeq.map(ArraySeq.scala:37)
	at kafka.utils.CoreUtils$.listenerListToEndPoints(CoreUtils.scala:270)
	... 7 more
[2024-11-19 00:15:21,672] INFO Registered kafka:type=kafka.Log4jController MBean (kafka.utils.Log4jControllerRegistration$)
[2024-11-19 00:15:22,024] INFO Setting -D jdk.tls.rejectClientInitiatedRenegotiation=true to disable client-initiated TLS renegotiation (org.apache.zookeeper.common.X509Util)
[2024-11-19 00:15:22,117] INFO Registered signal handlers for TERM, INT, HUP (org.apache.kafka.common.utils.LoggingSignalHandler)
[2024-11-19 00:15:22,122] INFO starting (kafka.server.KafkaServer)
[2024-11-19 00:15:22,123] INFO Connecting to zookeeper on localhost:2181 (kafka.server.KafkaServer)
[2024-11-19 00:15:22,142] INFO [ZooKeeperClient Kafka server] Initializing a new session to localhost:2181. (kafka.zookeeper.ZooKeeperClient)
[2024-11-19 00:15:22,149] INFO Client environment:zookeeper.version=3.6.3--6401e4ad2087061bc6b9f80dec2d69f2e3c8660a, built on 04/08/2021 16:35 GMT (org.apache.zookeeper.ZooKeeper)
[2024-11-19 00:15:22,150] INFO Client environment:host.name=jin. (org.apache.zookeeper.ZooKeeper)
[2024-11-19 00:15:22,150] INFO Client environment:java.version=21.0.5 (org.apache.zookeeper.ZooKeeper)
[2024-11-19 00:15:22,150] INFO Client environment:java.vendor=Ubuntu (org.apache.zookeeper.ZooKeeper)
[2024-11-19 00:15:22,150] INFO Client environment:java.home=/usr/lib/jvm/java-21-openjdk-amd64 (org.apache.zookeeper.ZooKeeper)
[2024-11-19 00:15:22,151] INFO Client environment:java.class.path=/mnt/e/Python/projects/UPISAS/experiment-runner/kafka_2.13-3.2.0/bin/../libs/activation-1.1.1.jar:/mnt/e/Python/projects/UPISAS/experiment-runner/kafka_2.13-3.2.0/bin/../libs/aopalliance-repackaged-2.6.1.jar:/mnt/e/Python/projects/UPISAS/experiment-runner/kafka_2.13-3.2.0/bin/../libs/argparse4j-0.7.0.jar:/mnt/e/Python/projects/UPISAS/experiment-runner/kafka_2.13-3.2.0/bin/../libs/audience-annotations-0.5.0.jar:/mnt/e/Python/projects/UPISAS/experiment-runner/kafka_2.13-3.2.0/bin/../libs/commons-cli-1.4.jar:/mnt/e/Python/projects/UPISAS/experiment-runner/kafka_2.13-3.2.0/bin/../libs/commons-lang3-3.8.1.jar:/mnt/e/Python/projects/UPISAS/experiment-runner/kafka_2.13-3.2.0/bin/../libs/connect-api-3.2.0.jar:/mnt/e/Python/projects/UPISAS/experiment-runner/kafka_2.13-3.2.0/bin/../libs/connect-basic-auth-extension-3.2.0.jar:/mnt/e/Python/projects/UPISAS/experiment-runner/kafka_2.13-3.2.0/bin/../libs/connect-json-3.2.0.jar:/mnt/e/Python/projects/UPISAS/experiment-runner/kafka_2.13-3.2.0/bin/../libs/connect-mirror-3.2.0.jar:/mnt/e/Python/projects/UPISAS/experiment-runner/kafka_2.13-3.2.0/bin/../libs/connect-mirror-client-3.2.0.jar:/mnt/e/Python/projects/UPISAS/experiment-runner/kafka_2.13-3.2.0/bin/../libs/connect-runtime-3.2.0.jar:/mnt/e/Python/projects/UPISAS/experiment-runner/kafka_2.13-3.2.0/bin/../libs/connect-transforms-3.2.0.jar:/mnt/e/Python/projects/UPISAS/experiment-runner/kafka_2.13-3.2.0/bin/../libs/hk2-api-2.6.1.jar:/mnt/e/Python/projects/UPISAS/experiment-runner/kafka_2.13-3.2.0/bin/../libs/hk2-locator-2.6.1.jar:/mnt/e/Python/projects/UPISAS/experiment-runner/kafka_2.13-3.2.0/bin/../libs/hk2-utils-2.6.1.jar:/mnt/e/Python/projects/UPISAS/experiment-runner/kafka_2.13-3.2.0/bin/../libs/jackson-annotations-2.12.6.jar:/mnt/e/Python/projects/UPISAS/experiment-runner/kafka_2.13-3.2.0/bin/../libs/jackson-core-2.12.6.jar:/mnt/e/Python/projects/UPISAS/experiment-runner/kafka_2.13-3.2.0/bin/../libs/jackson-databind-2.12.6.1.jar:/mnt/e/Python/projects/UPISAS/experiment-runner/kafka_2.13-3.2.0/bin/../libs/jackson-dataformat-csv-2.12.6.jar:/mnt/e/Python/projects/UPISAS/experiment-runner/kafka_2.13-3.2.0/bin/../libs/jackson-datatype-jdk8-2.12.6.jar:/mnt/e/Python/projects/UPISAS/experiment-runner/kafka_2.13-3.2.0/bin/../libs/jackson-jaxrs-base-2.12.6.jar:/mnt/e/Python/projects/UPISAS/experiment-runner/kafka_2.13-3.2.0/bin/../libs/jackson-jaxrs-json-provider-2.12.6.jar:/mnt/e/Python/projects/UPISAS/experiment-runner/kafka_2.13-3.2.0/bin/../libs/jackson-module-jaxb-annotations-2.12.6.jar:/mnt/e/Python/projects/UPISAS/experiment-runner/kafka_2.13-3.2.0/bin/../libs/jackson-module-scala_2.13-2.12.6.jar:/mnt/e/Python/projects/UPISAS/experiment-runner/kafka_2.13-3.2.0/bin/../libs/jakarta.activation-api-1.2.1.jar:/mnt/e/Python/projects/UPISAS/experiment-runner/kafka_2.13-3.2.0/bin/../libs/jakarta.annotation-api-1.3.5.jar:/mnt/e/Python/projects/UPISAS/experiment-runner/kafka_2.13-3.2.0/bin/../libs/jakarta.inject-2.6.1.jar:/mnt/e/Python/projects/UPISAS/experiment-runner/kafka_2.13-3.2.0/bin/../libs/jakarta.validation-api-2.0.2.jar:/mnt/e/Python/projects/UPISAS/experiment-runner/kafka_2.13-3.2.0/bin/../libs/jakarta.ws.rs-api-2.1.6.jar:/mnt/e/Python/projects/UPISAS/experiment-runner/kafka_2.13-3.2.0/bin/../libs/jakarta.xml.bind-api-2.3.2.jar:/mnt/e/Python/projects/UPISAS/experiment-runner/kafka_2.13-3.2.0/bin/../libs/javassist-3.27.0-GA.jar:/mnt/e/Python/projects/UPISAS/experiment-runner/kafka_2.13-3.2.0/bin/../libs/javax.servlet-api-3.1.0.jar:/mnt/e/Python/projects/UPISAS/experiment-runner/kafka_2.13-3.2.0/bin/../libs/javax.ws.rs-api-2.1.1.jar:/mnt/e/Python/projects/UPISAS/experiment-runner/kafka_2.13-3.2.0/bin/../libs/jaxb-api-2.3.0.jar:/mnt/e/Python/projects/UPISAS/experiment-runner/kafka_2.13-3.2.0/bin/../libs/jersey-client-2.34.jar:/mnt/e/Python/projects/UPISAS/experiment-runner/kafka_2.13-3.2.0/bin/../libs/jersey-common-2.34.jar:/mnt/e/Python/projects/UPISAS/experiment-runner/kafka_2.13-3.2.0/bin/../libs/jersey-container-servlet-2.34.jar:/mnt/e/Python/projects/UPISAS/experiment-runner/kafka_2.13-3.2.0/bin/../libs/jersey-container-servlet-core-2.34.jar:/mnt/e/Python/projects/UPISAS/experiment-runner/kafka_2.13-3.2.0/bin/../libs/jersey-hk2-2.34.jar:/mnt/e/Python/projects/UPISAS/experiment-runner/kafka_2.13-3.2.0/bin/../libs/jersey-server-2.34.jar:/mnt/e/Python/projects/UPISAS/experiment-runner/kafka_2.13-3.2.0/bin/../libs/jetty-client-9.4.44.v20210927.jar:/mnt/e/Python/projects/UPISAS/experiment-runner/kafka_2.13-3.2.0/bin/../libs/jetty-continuation-9.4.44.v20210927.jar:/mnt/e/Python/projects/UPISAS/experiment-runner/kafka_2.13-3.2.0/bin/../libs/jetty-http-9.4.44.v20210927.jar:/mnt/e/Python/projects/UPISAS/experiment-runner/kafka_2.13-3.2.0/bin/../libs/jetty-io-9.4.44.v20210927.jar:/mnt/e/Python/projects/UPISAS/experiment-runner/kafka_2.13-3.2.0/bin/../libs/jetty-security-9.4.44.v20210927.jar:/mnt/e/Python/projects/UPISAS/experiment-runner/kafka_2.13-3.2.0/bin/../libs/jetty-server-9.4.44.v20210927.jar:/mnt/e/Python/projects/UPISAS/experiment-runner/kafka_2.13-3.2.0/bin/../libs/jetty-servlet-9.4.44.v20210927.jar:/mnt/e/Python/projects/UPISAS/experiment-runner/kafka_2.13-3.2.0/bin/../libs/jetty-servlets-9.4.44.v20210927.jar:/mnt/e/Python/projects/UPISAS/experiment-runner/kafka_2.13-3.2.0/bin/../libs/jetty-util-9.4.44.v20210927.jar:/mnt/e/Python/projects/UPISAS/experiment-runner/kafka_2.13-3.2.0/bin/../libs/jetty-util-ajax-9.4.44.v20210927.jar:/mnt/e/Python/projects/UPISAS/experiment-runner/kafka_2.13-3.2.0/bin/../libs/jline-3.21.0.jar:/mnt/e/Python/projects/UPISAS/experiment-runner/kafka_2.13-3.2.0/bin/../libs/jopt-simple-5.0.4.jar:/mnt/e/Python/projects/UPISAS/experiment-runner/kafka_2.13-3.2.0/bin/../libs/jose4j-0.7.9.jar:/mnt/e/Python/projects/UPISAS/experiment-runner/kafka_2.13-3.2.0/bin/../libs/kafka-clients-3.2.0.jar:/mnt/e/Python/projects/UPISAS/experiment-runner/kafka_2.13-3.2.0/bin/../libs/kafka-log4j-appender-3.2.0.jar:/mnt/e/Python/projects/UPISAS/experiment-runner/kafka_2.13-3.2.0/bin/../libs/kafka-metadata-3.2.0.jar:/mnt/e/Python/projects/UPISAS/experiment-runner/kafka_2.13-3.2.0/bin/../libs/kafka-raft-3.2.0.jar:/mnt/e/Python/projects/UPISAS/experiment-runner/kafka_2.13-3.2.0/bin/../libs/kafka-server-common-3.2.0.jar:/mnt/e/Python/projects/UPISAS/experiment-runner/kafka_2.13-3.2.0/bin/../libs/kafka-shell-3.2.0.jar:/mnt/e/Python/projects/UPISAS/experiment-runner/kafka_2.13-3.2.0/bin/../libs/kafka-storage-3.2.0.jar:/mnt/e/Python/projects/UPISAS/experiment-runner/kafka_2.13-3.2.0/bin/../libs/kafka-storage-api-3.2.0.jar:/mnt/e/Python/projects/UPISAS/experiment-runner/kafka_2.13-3.2.0/bin/../libs/kafka-streams-3.2.0.jar:/mnt/e/Python/projects/UPISAS/experiment-runner/kafka_2.13-3.2.0/bin/../libs/kafka-streams-examples-3.2.0.jar:/mnt/e/Python/projects/UPISAS/experiment-runner/kafka_2.13-3.2.0/bin/../libs/kafka-streams-scala_2.13-3.2.0.jar:/mnt/e/Python/projects/UPISAS/experiment-runner/kafka_2.13-3.2.0/bin/../libs/kafka-streams-test-utils-3.2.0.jar:/mnt/e/Python/projects/UPISAS/experiment-runner/kafka_2.13-3.2.0/bin/../libs/kafka-tools-3.2.0.jar:/mnt/e/Python/projects/UPISAS/experiment-runner/kafka_2.13-3.2.0/bin/../libs/kafka_2.13-3.2.0.jar:/mnt/e/Python/projects/UPISAS/experiment-runner/kafka_2.13-3.2.0/bin/../libs/lz4-java-1.8.0.jar:/mnt/e/Python/projects/UPISAS/experiment-runner/kafka_2.13-3.2.0/bin/../libs/maven-artifact-3.8.4.jar:/mnt/e/Python/projects/UPISAS/experiment-runner/kafka_2.13-3.2.0/bin/../libs/metrics-core-2.2.0.jar:/mnt/e/Python/projects/UPISAS/experiment-runner/kafka_2.13-3.2.0/bin/../libs/metrics-core-4.1.12.1.jar:/mnt/e/Python/projects/UPISAS/experiment-runner/kafka_2.13-3.2.0/bin/../libs/netty-buffer-4.1.73.Final.jar:/mnt/e/Python/projects/UPISAS/experiment-runner/kafka_2.13-3.2.0/bin/../libs/netty-codec-4.1.73.Final.jar:/mnt/e/Python/projects/UPISAS/experiment-runner/kafka_2.13-3.2.0/bin/../libs/netty-common-4.1.73.Final.jar:/mnt/e/Python/projects/UPISAS/experiment-runner/kafka_2.13-3.2.0/bin/../libs/netty-handler-4.1.73.Final.jar:/mnt/e/Python/projects/UPISAS/experiment-runner/kafka_2.13-3.2.0/bin/../libs/netty-resolver-4.1.73.Final.jar:/mnt/e/Python/projects/UPISAS/experiment-runner/kafka_2.13-3.2.0/bin/../libs/netty-tcnative-classes-2.0.46.Final.jar:/mnt/e/Python/projects/UPISAS/experiment-runner/kafka_2.13-3.2.0/bin/../libs/netty-transport-4.1.73.Final.jar:/mnt/e/Python/projects/UPISAS/experiment-runner/kafka_2.13-3.2.0/bin/../libs/netty-transport-classes-epoll-4.1.73.Final.jar:/mnt/e/Python/projects/UPISAS/experiment-runner/kafka_2.13-3.2.0/bin/../libs/netty-transport-native-epoll-4.1.73.Final.jar:/mnt/e/Python/projects/UPISAS/experiment-runner/kafka_2.13-3.2.0/bin/../libs/netty-transport-native-unix-common-4.1.73.Final.jar:/mnt/e/Python/projects/UPISAS/experiment-runner/kafka_2.13-3.2.0/bin/../libs/osgi-resource-locator-1.0.3.jar:/mnt/e/Python/projects/UPISAS/experiment-runner/kafka_2.13-3.2.0/bin/../libs/paranamer-2.8.jar:/mnt/e/Python/projects/UPISAS/experiment-runner/kafka_2.13-3.2.0/bin/../libs/plexus-utils-3.3.0.jar:/mnt/e/Python/projects/UPISAS/experiment-runner/kafka_2.13-3.2.0/bin/../libs/reflections-0.9.12.jar:/mnt/e/Python/projects/UPISAS/experiment-runner/kafka_2.13-3.2.0/bin/../libs/reload4j-1.2.19.jar:/mnt/e/Python/projects/UPISAS/experiment-runner/kafka_2.13-3.2.0/bin/../libs/rocksdbjni-6.29.4.1.jar:/mnt/e/Python/projects/UPISAS/experiment-runner/kafka_2.13-3.2.0/bin/../libs/scala-collection-compat_2.13-2.6.0.jar:/mnt/e/Python/projects/UPISAS/experiment-runner/kafka_2.13-3.2.0/bin/../libs/scala-java8-compat_2.13-1.0.2.jar:/mnt/e/Python/projects/UPISAS/experiment-runner/kafka_2.13-3.2.0/bin/../libs/scala-library-2.13.8.jar:/mnt/e/Python/projects/UPISAS/experiment-runner/kafka_2.13-3.2.0/bin/../libs/scala-logging_2.13-3.9.4.jar:/mnt/e/Python/projects/UPISAS/experiment-runner/kafka_2.13-3.2.0/bin/../libs/scala-reflect-2.13.8.jar:/mnt/e/Python/projects/UPISAS/experiment-runner/kafka_2.13-3.2.0/bin/../libs/slf4j-api-1.7.36.jar:/mnt/e/Python/projects/UPISAS/experiment-runner/kafka_2.13-3.2.0/bin/../libs/slf4j-reload4j-1.7.36.jar:/mnt/e/Python/projects/UPISAS/experiment-runner/kafka_2.13-3.2.0/bin/../libs/snappy-java-1.1.8.4.jar:/mnt/e/Python/projects/UPISAS/experiment-runner/kafka_2.13-3.2.0/bin/../libs/trogdor-3.2.0.jar:/mnt/e/Python/projects/UPISAS/experiment-runner/kafka_2.13-3.2.0/bin/../libs/zookeeper-3.6.3.jar:/mnt/e/Python/projects/UPISAS/experiment-runner/kafka_2.13-3.2.0/bin/../libs/zookeeper-jute-3.6.3.jar:/mnt/e/Python/projects/UPISAS/experiment-runner/kafka_2.13-3.2.0/bin/../libs/zstd-jni-1.5.2-1.jar (org.apache.zookeeper.ZooKeeper)
[2024-11-19 00:15:22,152] INFO Client environment:java.library.path=/usr/java/packages/lib:/usr/lib/x86_64-linux-gnu/jni:/lib/x86_64-linux-gnu:/usr/lib/x86_64-linux-gnu:/usr/lib/jni:/lib:/usr/lib (org.apache.zookeeper.ZooKeeper)
[2024-11-19 00:15:22,152] INFO Client environment:java.io.tmpdir=/tmp (org.apache.zookeeper.ZooKeeper)
[2024-11-19 00:15:22,152] INFO Client environment:java.compiler=<NA> (org.apache.zookeeper.ZooKeeper)
[2024-11-19 00:15:22,152] INFO Client environment:os.name=Linux (org.apache.zookeeper.ZooKeeper)
[2024-11-19 00:15:22,152] INFO Client environment:os.arch=amd64 (org.apache.zookeeper.ZooKeeper)
[2024-11-19 00:15:22,153] INFO Client environment:os.version=5.15.153.1-microsoft-standard-WSL2 (org.apache.zookeeper.ZooKeeper)
[2024-11-19 00:15:22,153] INFO Client environment:user.name=jin (org.apache.zookeeper.ZooKeeper)
[2024-11-19 00:15:22,153] INFO Client environment:user.home=/home/jin (org.apache.zookeeper.ZooKeeper)
[2024-11-19 00:15:22,153] INFO Client environment:user.dir=/mnt/e/Python/projects/UPISAS/experiment-runner/kafka_2.13-3.2.0 (org.apache.zookeeper.ZooKeeper)
[2024-11-19 00:15:22,153] INFO Client environment:os.memory.free=981MB (org.apache.zookeeper.ZooKeeper)
[2024-11-19 00:15:22,153] INFO Client environment:os.memory.max=1024MB (org.apache.zookeeper.ZooKeeper)
[2024-11-19 00:15:22,154] INFO Client environment:os.memory.total=1024MB (org.apache.zookeeper.ZooKeeper)
[2024-11-19 00:15:22,156] INFO Initiating client connection, connectString=localhost:2181 sessionTimeout=18000 watcher=kafka.zookeeper.ZooKeeperClient$ZooKeeperClientWatcher$@54eb2b70 (org.apache.zookeeper.ZooKeeper)
[2024-11-19 00:15:22,163] INFO jute.maxbuffer value is 4194304 Bytes (org.apache.zookeeper.ClientCnxnSocket)
[2024-11-19 00:15:22,169] INFO zookeeper.request.timeout value is 0. feature enabled=false (org.apache.zookeeper.ClientCnxn)
[2024-11-19 00:15:22,170] INFO [ZooKeeperClient Kafka server] Waiting until connected. (kafka.zookeeper.ZooKeeperClient)
[2024-11-19 00:15:22,172] INFO Opening socket connection to server localhost/127.0.0.1:2181. (org.apache.zookeeper.ClientCnxn)
[2024-11-19 00:15:22,175] WARN Session 0x0 for sever localhost/127.0.0.1:2181, Closing socket connection. Attempting reconnect except it is a SessionExpiredException. (org.apache.zookeeper.ClientCnxn)
java.net.ConnectException: Connection refused
	at java.base/sun.nio.ch.Net.pollConnect(Native Method)
	at java.base/sun.nio.ch.Net.pollConnectNow(Net.java:682)
	at java.base/sun.nio.ch.SocketChannelImpl.finishConnect(SocketChannelImpl.java:973)
	at org.apache.zookeeper.ClientCnxnSocketNIO.doTransport(ClientCnxnSocketNIO.java:344)
	at org.apache.zookeeper.ClientCnxn$SendThread.run(ClientCnxn.java:1290)
[2024-11-19 00:15:23,286] INFO Opening socket connection to server localhost/127.0.0.1:2181. (org.apache.zookeeper.ClientCnxn)
[2024-11-19 00:15:23,287] WARN Session 0x0 for sever localhost/127.0.0.1:2181, Closing socket connection. Attempting reconnect except it is a SessionExpiredException. (org.apache.zookeeper.ClientCnxn)
java.net.ConnectException: Connection refused
	at java.base/sun.nio.ch.Net.pollConnect(Native Method)
	at java.base/sun.nio.ch.Net.pollConnectNow(Net.java:682)
	at java.base/sun.nio.ch.SocketChannelImpl.finishConnect(SocketChannelImpl.java:973)
	at org.apache.zookeeper.ClientCnxnSocketNIO.doTransport(ClientCnxnSocketNIO.java:344)
	at org.apache.zookeeper.ClientCnxn$SendThread.run(ClientCnxn.java:1290)
[2024-11-19 00:15:24,393] INFO Opening socket connection to server localhost/127.0.0.1:2181. (org.apache.zookeeper.ClientCnxn)
[2024-11-19 00:15:24,394] WARN Session 0x0 for sever localhost/127.0.0.1:2181, Closing socket connection. Attempting reconnect except it is a SessionExpiredException. (org.apache.zookeeper.ClientCnxn)
java.net.ConnectException: Connection refused
	at java.base/sun.nio.ch.Net.pollConnect(Native Method)
	at java.base/sun.nio.ch.Net.pollConnectNow(Net.java:682)
	at java.base/sun.nio.ch.SocketChannelImpl.finishConnect(SocketChannelImpl.java:973)
	at org.apache.zookeeper.ClientCnxnSocketNIO.doTransport(ClientCnxnSocketNIO.java:344)
	at org.apache.zookeeper.ClientCnxn$SendThread.run(ClientCnxn.java:1290)
[2024-11-19 00:15:22,769] INFO Opening socket connection to server localhost/127.0.0.1:2181. (org.apache.zookeeper.ClientCnxn)
[2024-11-19 00:15:22,769] WARN Session 0x0 for sever localhost/127.0.0.1:2181, Closing socket connection. Attempting reconnect except it is a SessionExpiredException. (org.apache.zookeeper.ClientCnxn)
java.net.ConnectException: Connection refused
	at java.base/sun.nio.ch.Net.pollConnect(Native Method)
	at java.base/sun.nio.ch.Net.pollConnectNow(Net.java:682)
	at java.base/sun.nio.ch.SocketChannelImpl.finishConnect(SocketChannelImpl.java:973)
	at org.apache.zookeeper.ClientCnxnSocketNIO.doTransport(ClientCnxnSocketNIO.java:344)
	at org.apache.zookeeper.ClientCnxn$SendThread.run(ClientCnxn.java:1290)
[2024-11-19 00:15:23,873] INFO Opening socket connection to server localhost/127.0.0.1:2181. (org.apache.zookeeper.ClientCnxn)
[2024-11-19 00:15:23,874] WARN Session 0x0 for sever localhost/127.0.0.1:2181, Closing socket connection. Attempting reconnect except it is a SessionExpiredException. (org.apache.zookeeper.ClientCnxn)
java.net.ConnectException: Connection refused
	at java.base/sun.nio.ch.Net.pollConnect(Native Method)
	at java.base/sun.nio.ch.Net.pollConnectNow(Net.java:682)
	at java.base/sun.nio.ch.SocketChannelImpl.finishConnect(SocketChannelImpl.java:973)
	at org.apache.zookeeper.ClientCnxnSocketNIO.doTransport(ClientCnxnSocketNIO.java:344)
	at org.apache.zookeeper.ClientCnxn$SendThread.run(ClientCnxn.java:1290)
[2024-11-19 00:15:24,978] INFO Opening socket connection to server localhost/127.0.0.1:2181. (org.apache.zookeeper.ClientCnxn)
[2024-11-19 00:15:24,979] WARN Session 0x0 for sever localhost/127.0.0.1:2181, Closing socket connection. Attempting reconnect except it is a SessionExpiredException. (org.apache.zookeeper.ClientCnxn)
java.net.ConnectException: Connection refused
	at java.base/sun.nio.ch.Net.pollConnect(Native Method)
	at java.base/sun.nio.ch.Net.pollConnectNow(Net.java:682)
	at java.base/sun.nio.ch.SocketChannelImpl.finishConnect(SocketChannelImpl.java:973)
	at org.apache.zookeeper.ClientCnxnSocketNIO.doTransport(ClientCnxnSocketNIO.java:344)
	at org.apache.zookeeper.ClientCnxn$SendThread.run(ClientCnxn.java:1290)
[2024-11-19 00:15:26,083] INFO Opening socket connection to server localhost/127.0.0.1:2181. (org.apache.zookeeper.ClientCnxn)
[2024-11-19 00:15:26,084] WARN Session 0x0 for sever localhost/127.0.0.1:2181, Closing socket connection. Attempting reconnect except it is a SessionExpiredException. (org.apache.zookeeper.ClientCnxn)
java.net.ConnectException: Connection refused
	at java.base/sun.nio.ch.Net.pollConnect(Native Method)
	at java.base/sun.nio.ch.Net.pollConnectNow(Net.java:682)
	at java.base/sun.nio.ch.SocketChannelImpl.finishConnect(SocketChannelImpl.java:973)
	at org.apache.zookeeper.ClientCnxnSocketNIO.doTransport(ClientCnxnSocketNIO.java:344)
	at org.apache.zookeeper.ClientCnxn$SendThread.run(ClientCnxn.java:1290)
[2024-11-19 00:15:27,190] INFO Opening socket connection to server localhost/127.0.0.1:2181. (org.apache.zookeeper.ClientCnxn)
[2024-11-19 00:15:27,192] WARN Session 0x0 for sever localhost/127.0.0.1:2181, Closing socket connection. Attempting reconnect except it is a SessionExpiredException. (org.apache.zookeeper.ClientCnxn)
java.net.ConnectException: Connection refused
	at java.base/sun.nio.ch.Net.pollConnect(Native Method)
	at java.base/sun.nio.ch.Net.pollConnectNow(Net.java:682)
	at java.base/sun.nio.ch.SocketChannelImpl.finishConnect(SocketChannelImpl.java:973)
	at org.apache.zookeeper.ClientCnxnSocketNIO.doTransport(ClientCnxnSocketNIO.java:344)
	at org.apache.zookeeper.ClientCnxn$SendThread.run(ClientCnxn.java:1290)
[2024-11-19 00:15:28,295] INFO Opening socket connection to server localhost/127.0.0.1:2181. (org.apache.zookeeper.ClientCnxn)
[2024-11-19 00:15:28,296] WARN Session 0x0 for sever localhost/127.0.0.1:2181, Closing socket connection. Attempting reconnect except it is a SessionExpiredException. (org.apache.zookeeper.ClientCnxn)
java.net.ConnectException: Connection refused
	at java.base/sun.nio.ch.Net.pollConnect(Native Method)
	at java.base/sun.nio.ch.Net.pollConnectNow(Net.java:682)
	at java.base/sun.nio.ch.SocketChannelImpl.finishConnect(SocketChannelImpl.java:973)
	at org.apache.zookeeper.ClientCnxnSocketNIO.doTransport(ClientCnxnSocketNIO.java:344)
	at org.apache.zookeeper.ClientCnxn$SendThread.run(ClientCnxn.java:1290)
[2024-11-19 00:15:29,401] INFO Opening socket connection to server localhost/127.0.0.1:2181. (org.apache.zookeeper.ClientCnxn)
[2024-11-19 00:15:29,402] WARN Session 0x0 for sever localhost/127.0.0.1:2181, Closing socket connection. Attempting reconnect except it is a SessionExpiredException. (org.apache.zookeeper.ClientCnxn)
java.net.ConnectException: Connection refused
	at java.base/sun.nio.ch.Net.pollConnect(Native Method)
	at java.base/sun.nio.ch.Net.pollConnectNow(Net.java:682)
	at java.base/sun.nio.ch.SocketChannelImpl.finishConnect(SocketChannelImpl.java:973)
	at org.apache.zookeeper.ClientCnxnSocketNIO.doTransport(ClientCnxnSocketNIO.java:344)
	at org.apache.zookeeper.ClientCnxn$SendThread.run(ClientCnxn.java:1290)
[2024-11-19 00:15:30,505] INFO Opening socket connection to server localhost/127.0.0.1:2181. (org.apache.zookeeper.ClientCnxn)
[2024-11-19 00:15:30,505] WARN Session 0x0 for sever localhost/127.0.0.1:2181, Closing socket connection. Attempting reconnect except it is a SessionExpiredException. (org.apache.zookeeper.ClientCnxn)
java.net.ConnectException: Connection refused
	at java.base/sun.nio.ch.Net.pollConnect(Native Method)
	at java.base/sun.nio.ch.Net.pollConnectNow(Net.java:682)
	at java.base/sun.nio.ch.SocketChannelImpl.finishConnect(SocketChannelImpl.java:973)
	at org.apache.zookeeper.ClientCnxnSocketNIO.doTransport(ClientCnxnSocketNIO.java:344)
	at org.apache.zookeeper.ClientCnxn$SendThread.run(ClientCnxn.java:1290)
[2024-11-19 00:15:31,612] INFO Opening socket connection to server localhost/127.0.0.1:2181. (org.apache.zookeeper.ClientCnxn)
[2024-11-19 00:15:31,613] WARN Session 0x0 for sever localhost/127.0.0.1:2181, Closing socket connection. Attempting reconnect except it is a SessionExpiredException. (org.apache.zookeeper.ClientCnxn)
java.net.ConnectException: Connection refused
	at java.base/sun.nio.ch.Net.pollConnect(Native Method)
	at java.base/sun.nio.ch.Net.pollConnectNow(Net.java:682)
	at java.base/sun.nio.ch.SocketChannelImpl.finishConnect(SocketChannelImpl.java:973)
	at org.apache.zookeeper.ClientCnxnSocketNIO.doTransport(ClientCnxnSocketNIO.java:344)
	at org.apache.zookeeper.ClientCnxn$SendThread.run(ClientCnxn.java:1290)
[2024-11-19 00:15:32,732] INFO Opening socket connection to server localhost/127.0.0.1:2181. (org.apache.zookeeper.ClientCnxn)
[2024-11-19 00:15:32,733] WARN Session 0x0 for sever localhost/127.0.0.1:2181, Closing socket connection. Attempting reconnect except it is a SessionExpiredException. (org.apache.zookeeper.ClientCnxn)
java.net.ConnectException: Connection refused
	at java.base/sun.nio.ch.Net.pollConnect(Native Method)
	at java.base/sun.nio.ch.Net.pollConnectNow(Net.java:682)
	at java.base/sun.nio.ch.SocketChannelImpl.finishConnect(SocketChannelImpl.java:973)
	at org.apache.zookeeper.ClientCnxnSocketNIO.doTransport(ClientCnxnSocketNIO.java:344)
	at org.apache.zookeeper.ClientCnxn$SendThread.run(ClientCnxn.java:1290)
[2024-11-19 00:15:33,837] INFO Opening socket connection to server localhost/127.0.0.1:2181. (org.apache.zookeeper.ClientCnxn)
[2024-11-19 00:15:33,838] WARN Session 0x0 for sever localhost/127.0.0.1:2181, Closing socket connection. Attempting reconnect except it is a SessionExpiredException. (org.apache.zookeeper.ClientCnxn)
java.net.ConnectException: Connection refused
	at java.base/sun.nio.ch.Net.pollConnect(Native Method)
	at java.base/sun.nio.ch.Net.pollConnectNow(Net.java:682)
	at java.base/sun.nio.ch.SocketChannelImpl.finishConnect(SocketChannelImpl.java:973)
	at org.apache.zookeeper.ClientCnxnSocketNIO.doTransport(ClientCnxnSocketNIO.java:344)
	at org.apache.zookeeper.ClientCnxn$SendThread.run(ClientCnxn.java:1290)
[2024-11-19 00:15:34,946] INFO Opening socket connection to server localhost/127.0.0.1:2181. (org.apache.zookeeper.ClientCnxn)
[2024-11-19 00:15:34,947] WARN Session 0x0 for sever localhost/127.0.0.1:2181, Closing socket connection. Attempting reconnect except it is a SessionExpiredException. (org.apache.zookeeper.ClientCnxn)
java.net.ConnectException: Connection refused
	at java.base/sun.nio.ch.Net.pollConnect(Native Method)
	at java.base/sun.nio.ch.Net.pollConnectNow(Net.java:682)
	at java.base/sun.nio.ch.SocketChannelImpl.finishConnect(SocketChannelImpl.java:973)
	at org.apache.zookeeper.ClientCnxnSocketNIO.doTransport(ClientCnxnSocketNIO.java:344)
	at org.apache.zookeeper.ClientCnxn$SendThread.run(ClientCnxn.java:1290)
[2024-11-19 00:15:36,052] INFO Opening socket connection to server localhost/127.0.0.1:2181. (org.apache.zookeeper.ClientCnxn)
[2024-11-19 00:15:36,053] WARN Session 0x0 for sever localhost/127.0.0.1:2181, Closing socket connection. Attempting reconnect except it is a SessionExpiredException. (org.apache.zookeeper.ClientCnxn)
java.net.ConnectException: Connection refused
	at java.base/sun.nio.ch.Net.pollConnect(Native Method)
	at java.base/sun.nio.ch.Net.pollConnectNow(Net.java:682)
	at java.base/sun.nio.ch.SocketChannelImpl.finishConnect(SocketChannelImpl.java:973)
	at org.apache.zookeeper.ClientCnxnSocketNIO.doTransport(ClientCnxnSocketNIO.java:344)
	at org.apache.zookeeper.ClientCnxn$SendThread.run(ClientCnxn.java:1290)
[2024-11-19 00:15:37,156] INFO Opening socket connection to server localhost/127.0.0.1:2181. (org.apache.zookeeper.ClientCnxn)
[2024-11-19 00:15:37,157] WARN Session 0x0 for sever localhost/127.0.0.1:2181, Closing socket connection. Attempting reconnect except it is a SessionExpiredException. (org.apache.zookeeper.ClientCnxn)
java.net.ConnectException: Connection refused
	at java.base/sun.nio.ch.Net.pollConnect(Native Method)
	at java.base/sun.nio.ch.Net.pollConnectNow(Net.java:682)
	at java.base/sun.nio.ch.SocketChannelImpl.finishConnect(SocketChannelImpl.java:973)
	at org.apache.zookeeper.ClientCnxnSocketNIO.doTransport(ClientCnxnSocketNIO.java:344)
	at org.apache.zookeeper.ClientCnxn$SendThread.run(ClientCnxn.java:1290)
[2024-11-19 00:15:37,445] INFO [ZooKeeperClient Kafka server] Closing. (kafka.zookeeper.ZooKeeperClient)
[2024-11-19 00:15:38,263] INFO Opening socket connection to server localhost/127.0.0.1:2181. (org.apache.zookeeper.ClientCnxn)
[2024-11-19 00:15:38,264] WARN An exception was thrown while closing send thread for session 0x0. (org.apache.zookeeper.ClientCnxn)
java.net.ConnectException: Connection refused
	at java.base/sun.nio.ch.Net.pollConnect(Native Method)
	at java.base/sun.nio.ch.Net.pollConnectNow(Net.java:682)
	at java.base/sun.nio.ch.SocketChannelImpl.finishConnect(SocketChannelImpl.java:973)
	at org.apache.zookeeper.ClientCnxnSocketNIO.doTransport(ClientCnxnSocketNIO.java:344)
	at org.apache.zookeeper.ClientCnxn$SendThread.run(ClientCnxn.java:1290)
[2024-11-19 00:15:38,370] INFO Session: 0x0 closed (org.apache.zookeeper.ZooKeeper)
[2024-11-19 00:15:38,371] INFO EventThread shut down for session: 0x0 (org.apache.zookeeper.ClientCnxn)
[2024-11-19 00:15:38,371] INFO [ZooKeeperClient Kafka server] Closed. (kafka.zookeeper.ZooKeeperClient)
[2024-11-19 00:15:38,375] ERROR Fatal error during KafkaServer startup. Prepare to shutdown (kafka.server.KafkaServer)
kafka.zookeeper.ZooKeeperClientTimeoutException: Timed out waiting for connection while in state: CONNECTING
	at kafka.zookeeper.ZooKeeperClient.waitUntilConnected(ZooKeeperClient.scala:254)
	at kafka.zookeeper.ZooKeeperClient.<init>(ZooKeeperClient.scala:108)
	at kafka.zk.KafkaZkClient$.apply(KafkaZkClient.scala:1980)
	at kafka.server.KafkaServer.initZkClient(KafkaServer.scala:500)
	at kafka.server.KafkaServer.startup(KafkaServer.scala:203)
	at kafka.Kafka$.main(Kafka.scala:109)
	at kafka.Kafka.main(Kafka.scala)
[2024-11-19 00:15:38,376] INFO shutting down (kafka.server.KafkaServer)
[2024-11-19 00:15:38,382] INFO App info kafka.server for 0 unregistered (org.apache.kafka.common.utils.AppInfoParser)
[2024-11-19 00:15:38,383] INFO shut down completed (kafka.server.KafkaServer)
[2024-11-19 00:15:38,383] ERROR Exiting Kafka. (kafka.Kafka$)
[2024-11-19 00:15:38,384] INFO shutting down (kafka.server.KafkaServer)
[2024-11-19 00:16:16,683] INFO Registered kafka:type=kafka.Log4jController MBean (kafka.utils.Log4jControllerRegistration$)
[2024-11-19 00:16:16,996] INFO Setting -D jdk.tls.rejectClientInitiatedRenegotiation=true to disable client-initiated TLS renegotiation (org.apache.zookeeper.common.X509Util)
[2024-11-19 00:16:17,087] INFO Registered signal handlers for TERM, INT, HUP (org.apache.kafka.common.utils.LoggingSignalHandler)
[2024-11-19 00:16:17,093] INFO starting (kafka.server.KafkaServer)
[2024-11-19 00:16:17,094] INFO Connecting to zookeeper on localhost:2181 (kafka.server.KafkaServer)
[2024-11-19 00:16:17,112] INFO [ZooKeeperClient Kafka server] Initializing a new session to localhost:2181. (kafka.zookeeper.ZooKeeperClient)
[2024-11-19 00:16:17,119] INFO Client environment:zookeeper.version=3.6.3--6401e4ad2087061bc6b9f80dec2d69f2e3c8660a, built on 04/08/2021 16:35 GMT (org.apache.zookeeper.ZooKeeper)
[2024-11-19 00:16:17,120] INFO Client environment:host.name=jin. (org.apache.zookeeper.ZooKeeper)
[2024-11-19 00:16:17,120] INFO Client environment:java.version=21.0.5 (org.apache.zookeeper.ZooKeeper)
[2024-11-19 00:16:17,120] INFO Client environment:java.vendor=Ubuntu (org.apache.zookeeper.ZooKeeper)
[2024-11-19 00:16:17,121] INFO Client environment:java.home=/usr/lib/jvm/java-21-openjdk-amd64 (org.apache.zookeeper.ZooKeeper)
[2024-11-19 00:16:17,121] INFO Client environment:java.class.path=/mnt/e/Python/projects/UPISAS/experiment-runner/kafka_2.13-3.2.0/bin/../libs/activation-1.1.1.jar:/mnt/e/Python/projects/UPISAS/experiment-runner/kafka_2.13-3.2.0/bin/../libs/aopalliance-repackaged-2.6.1.jar:/mnt/e/Python/projects/UPISAS/experiment-runner/kafka_2.13-3.2.0/bin/../libs/argparse4j-0.7.0.jar:/mnt/e/Python/projects/UPISAS/experiment-runner/kafka_2.13-3.2.0/bin/../libs/audience-annotations-0.5.0.jar:/mnt/e/Python/projects/UPISAS/experiment-runner/kafka_2.13-3.2.0/bin/../libs/commons-cli-1.4.jar:/mnt/e/Python/projects/UPISAS/experiment-runner/kafka_2.13-3.2.0/bin/../libs/commons-lang3-3.8.1.jar:/mnt/e/Python/projects/UPISAS/experiment-runner/kafka_2.13-3.2.0/bin/../libs/connect-api-3.2.0.jar:/mnt/e/Python/projects/UPISAS/experiment-runner/kafka_2.13-3.2.0/bin/../libs/connect-basic-auth-extension-3.2.0.jar:/mnt/e/Python/projects/UPISAS/experiment-runner/kafka_2.13-3.2.0/bin/../libs/connect-json-3.2.0.jar:/mnt/e/Python/projects/UPISAS/experiment-runner/kafka_2.13-3.2.0/bin/../libs/connect-mirror-3.2.0.jar:/mnt/e/Python/projects/UPISAS/experiment-runner/kafka_2.13-3.2.0/bin/../libs/connect-mirror-client-3.2.0.jar:/mnt/e/Python/projects/UPISAS/experiment-runner/kafka_2.13-3.2.0/bin/../libs/connect-runtime-3.2.0.jar:/mnt/e/Python/projects/UPISAS/experiment-runner/kafka_2.13-3.2.0/bin/../libs/connect-transforms-3.2.0.jar:/mnt/e/Python/projects/UPISAS/experiment-runner/kafka_2.13-3.2.0/bin/../libs/hk2-api-2.6.1.jar:/mnt/e/Python/projects/UPISAS/experiment-runner/kafka_2.13-3.2.0/bin/../libs/hk2-locator-2.6.1.jar:/mnt/e/Python/projects/UPISAS/experiment-runner/kafka_2.13-3.2.0/bin/../libs/hk2-utils-2.6.1.jar:/mnt/e/Python/projects/UPISAS/experiment-runner/kafka_2.13-3.2.0/bin/../libs/jackson-annotations-2.12.6.jar:/mnt/e/Python/projects/UPISAS/experiment-runner/kafka_2.13-3.2.0/bin/../libs/jackson-core-2.12.6.jar:/mnt/e/Python/projects/UPISAS/experiment-runner/kafka_2.13-3.2.0/bin/../libs/jackson-databind-2.12.6.1.jar:/mnt/e/Python/projects/UPISAS/experiment-runner/kafka_2.13-3.2.0/bin/../libs/jackson-dataformat-csv-2.12.6.jar:/mnt/e/Python/projects/UPISAS/experiment-runner/kafka_2.13-3.2.0/bin/../libs/jackson-datatype-jdk8-2.12.6.jar:/mnt/e/Python/projects/UPISAS/experiment-runner/kafka_2.13-3.2.0/bin/../libs/jackson-jaxrs-base-2.12.6.jar:/mnt/e/Python/projects/UPISAS/experiment-runner/kafka_2.13-3.2.0/bin/../libs/jackson-jaxrs-json-provider-2.12.6.jar:/mnt/e/Python/projects/UPISAS/experiment-runner/kafka_2.13-3.2.0/bin/../libs/jackson-module-jaxb-annotations-2.12.6.jar:/mnt/e/Python/projects/UPISAS/experiment-runner/kafka_2.13-3.2.0/bin/../libs/jackson-module-scala_2.13-2.12.6.jar:/mnt/e/Python/projects/UPISAS/experiment-runner/kafka_2.13-3.2.0/bin/../libs/jakarta.activation-api-1.2.1.jar:/mnt/e/Python/projects/UPISAS/experiment-runner/kafka_2.13-3.2.0/bin/../libs/jakarta.annotation-api-1.3.5.jar:/mnt/e/Python/projects/UPISAS/experiment-runner/kafka_2.13-3.2.0/bin/../libs/jakarta.inject-2.6.1.jar:/mnt/e/Python/projects/UPISAS/experiment-runner/kafka_2.13-3.2.0/bin/../libs/jakarta.validation-api-2.0.2.jar:/mnt/e/Python/projects/UPISAS/experiment-runner/kafka_2.13-3.2.0/bin/../libs/jakarta.ws.rs-api-2.1.6.jar:/mnt/e/Python/projects/UPISAS/experiment-runner/kafka_2.13-3.2.0/bin/../libs/jakarta.xml.bind-api-2.3.2.jar:/mnt/e/Python/projects/UPISAS/experiment-runner/kafka_2.13-3.2.0/bin/../libs/javassist-3.27.0-GA.jar:/mnt/e/Python/projects/UPISAS/experiment-runner/kafka_2.13-3.2.0/bin/../libs/javax.servlet-api-3.1.0.jar:/mnt/e/Python/projects/UPISAS/experiment-runner/kafka_2.13-3.2.0/bin/../libs/javax.ws.rs-api-2.1.1.jar:/mnt/e/Python/projects/UPISAS/experiment-runner/kafka_2.13-3.2.0/bin/../libs/jaxb-api-2.3.0.jar:/mnt/e/Python/projects/UPISAS/experiment-runner/kafka_2.13-3.2.0/bin/../libs/jersey-client-2.34.jar:/mnt/e/Python/projects/UPISAS/experiment-runner/kafka_2.13-3.2.0/bin/../libs/jersey-common-2.34.jar:/mnt/e/Python/projects/UPISAS/experiment-runner/kafka_2.13-3.2.0/bin/../libs/jersey-container-servlet-2.34.jar:/mnt/e/Python/projects/UPISAS/experiment-runner/kafka_2.13-3.2.0/bin/../libs/jersey-container-servlet-core-2.34.jar:/mnt/e/Python/projects/UPISAS/experiment-runner/kafka_2.13-3.2.0/bin/../libs/jersey-hk2-2.34.jar:/mnt/e/Python/projects/UPISAS/experiment-runner/kafka_2.13-3.2.0/bin/../libs/jersey-server-2.34.jar:/mnt/e/Python/projects/UPISAS/experiment-runner/kafka_2.13-3.2.0/bin/../libs/jetty-client-9.4.44.v20210927.jar:/mnt/e/Python/projects/UPISAS/experiment-runner/kafka_2.13-3.2.0/bin/../libs/jetty-continuation-9.4.44.v20210927.jar:/mnt/e/Python/projects/UPISAS/experiment-runner/kafka_2.13-3.2.0/bin/../libs/jetty-http-9.4.44.v20210927.jar:/mnt/e/Python/projects/UPISAS/experiment-runner/kafka_2.13-3.2.0/bin/../libs/jetty-io-9.4.44.v20210927.jar:/mnt/e/Python/projects/UPISAS/experiment-runner/kafka_2.13-3.2.0/bin/../libs/jetty-security-9.4.44.v20210927.jar:/mnt/e/Python/projects/UPISAS/experiment-runner/kafka_2.13-3.2.0/bin/../libs/jetty-server-9.4.44.v20210927.jar:/mnt/e/Python/projects/UPISAS/experiment-runner/kafka_2.13-3.2.0/bin/../libs/jetty-servlet-9.4.44.v20210927.jar:/mnt/e/Python/projects/UPISAS/experiment-runner/kafka_2.13-3.2.0/bin/../libs/jetty-servlets-9.4.44.v20210927.jar:/mnt/e/Python/projects/UPISAS/experiment-runner/kafka_2.13-3.2.0/bin/../libs/jetty-util-9.4.44.v20210927.jar:/mnt/e/Python/projects/UPISAS/experiment-runner/kafka_2.13-3.2.0/bin/../libs/jetty-util-ajax-9.4.44.v20210927.jar:/mnt/e/Python/projects/UPISAS/experiment-runner/kafka_2.13-3.2.0/bin/../libs/jline-3.21.0.jar:/mnt/e/Python/projects/UPISAS/experiment-runner/kafka_2.13-3.2.0/bin/../libs/jopt-simple-5.0.4.jar:/mnt/e/Python/projects/UPISAS/experiment-runner/kafka_2.13-3.2.0/bin/../libs/jose4j-0.7.9.jar:/mnt/e/Python/projects/UPISAS/experiment-runner/kafka_2.13-3.2.0/bin/../libs/kafka-clients-3.2.0.jar:/mnt/e/Python/projects/UPISAS/experiment-runner/kafka_2.13-3.2.0/bin/../libs/kafka-log4j-appender-3.2.0.jar:/mnt/e/Python/projects/UPISAS/experiment-runner/kafka_2.13-3.2.0/bin/../libs/kafka-metadata-3.2.0.jar:/mnt/e/Python/projects/UPISAS/experiment-runner/kafka_2.13-3.2.0/bin/../libs/kafka-raft-3.2.0.jar:/mnt/e/Python/projects/UPISAS/experiment-runner/kafka_2.13-3.2.0/bin/../libs/kafka-server-common-3.2.0.jar:/mnt/e/Python/projects/UPISAS/experiment-runner/kafka_2.13-3.2.0/bin/../libs/kafka-shell-3.2.0.jar:/mnt/e/Python/projects/UPISAS/experiment-runner/kafka_2.13-3.2.0/bin/../libs/kafka-storage-3.2.0.jar:/mnt/e/Python/projects/UPISAS/experiment-runner/kafka_2.13-3.2.0/bin/../libs/kafka-storage-api-3.2.0.jar:/mnt/e/Python/projects/UPISAS/experiment-runner/kafka_2.13-3.2.0/bin/../libs/kafka-streams-3.2.0.jar:/mnt/e/Python/projects/UPISAS/experiment-runner/kafka_2.13-3.2.0/bin/../libs/kafka-streams-examples-3.2.0.jar:/mnt/e/Python/projects/UPISAS/experiment-runner/kafka_2.13-3.2.0/bin/../libs/kafka-streams-scala_2.13-3.2.0.jar:/mnt/e/Python/projects/UPISAS/experiment-runner/kafka_2.13-3.2.0/bin/../libs/kafka-streams-test-utils-3.2.0.jar:/mnt/e/Python/projects/UPISAS/experiment-runner/kafka_2.13-3.2.0/bin/../libs/kafka-tools-3.2.0.jar:/mnt/e/Python/projects/UPISAS/experiment-runner/kafka_2.13-3.2.0/bin/../libs/kafka_2.13-3.2.0.jar:/mnt/e/Python/projects/UPISAS/experiment-runner/kafka_2.13-3.2.0/bin/../libs/lz4-java-1.8.0.jar:/mnt/e/Python/projects/UPISAS/experiment-runner/kafka_2.13-3.2.0/bin/../libs/maven-artifact-3.8.4.jar:/mnt/e/Python/projects/UPISAS/experiment-runner/kafka_2.13-3.2.0/bin/../libs/metrics-core-2.2.0.jar:/mnt/e/Python/projects/UPISAS/experiment-runner/kafka_2.13-3.2.0/bin/../libs/metrics-core-4.1.12.1.jar:/mnt/e/Python/projects/UPISAS/experiment-runner/kafka_2.13-3.2.0/bin/../libs/netty-buffer-4.1.73.Final.jar:/mnt/e/Python/projects/UPISAS/experiment-runner/kafka_2.13-3.2.0/bin/../libs/netty-codec-4.1.73.Final.jar:/mnt/e/Python/projects/UPISAS/experiment-runner/kafka_2.13-3.2.0/bin/../libs/netty-common-4.1.73.Final.jar:/mnt/e/Python/projects/UPISAS/experiment-runner/kafka_2.13-3.2.0/bin/../libs/netty-handler-4.1.73.Final.jar:/mnt/e/Python/projects/UPISAS/experiment-runner/kafka_2.13-3.2.0/bin/../libs/netty-resolver-4.1.73.Final.jar:/mnt/e/Python/projects/UPISAS/experiment-runner/kafka_2.13-3.2.0/bin/../libs/netty-tcnative-classes-2.0.46.Final.jar:/mnt/e/Python/projects/UPISAS/experiment-runner/kafka_2.13-3.2.0/bin/../libs/netty-transport-4.1.73.Final.jar:/mnt/e/Python/projects/UPISAS/experiment-runner/kafka_2.13-3.2.0/bin/../libs/netty-transport-classes-epoll-4.1.73.Final.jar:/mnt/e/Python/projects/UPISAS/experiment-runner/kafka_2.13-3.2.0/bin/../libs/netty-transport-native-epoll-4.1.73.Final.jar:/mnt/e/Python/projects/UPISAS/experiment-runner/kafka_2.13-3.2.0/bin/../libs/netty-transport-native-unix-common-4.1.73.Final.jar:/mnt/e/Python/projects/UPISAS/experiment-runner/kafka_2.13-3.2.0/bin/../libs/osgi-resource-locator-1.0.3.jar:/mnt/e/Python/projects/UPISAS/experiment-runner/kafka_2.13-3.2.0/bin/../libs/paranamer-2.8.jar:/mnt/e/Python/projects/UPISAS/experiment-runner/kafka_2.13-3.2.0/bin/../libs/plexus-utils-3.3.0.jar:/mnt/e/Python/projects/UPISAS/experiment-runner/kafka_2.13-3.2.0/bin/../libs/reflections-0.9.12.jar:/mnt/e/Python/projects/UPISAS/experiment-runner/kafka_2.13-3.2.0/bin/../libs/reload4j-1.2.19.jar:/mnt/e/Python/projects/UPISAS/experiment-runner/kafka_2.13-3.2.0/bin/../libs/rocksdbjni-6.29.4.1.jar:/mnt/e/Python/projects/UPISAS/experiment-runner/kafka_2.13-3.2.0/bin/../libs/scala-collection-compat_2.13-2.6.0.jar:/mnt/e/Python/projects/UPISAS/experiment-runner/kafka_2.13-3.2.0/bin/../libs/scala-java8-compat_2.13-1.0.2.jar:/mnt/e/Python/projects/UPISAS/experiment-runner/kafka_2.13-3.2.0/bin/../libs/scala-library-2.13.8.jar:/mnt/e/Python/projects/UPISAS/experiment-runner/kafka_2.13-3.2.0/bin/../libs/scala-logging_2.13-3.9.4.jar:/mnt/e/Python/projects/UPISAS/experiment-runner/kafka_2.13-3.2.0/bin/../libs/scala-reflect-2.13.8.jar:/mnt/e/Python/projects/UPISAS/experiment-runner/kafka_2.13-3.2.0/bin/../libs/slf4j-api-1.7.36.jar:/mnt/e/Python/projects/UPISAS/experiment-runner/kafka_2.13-3.2.0/bin/../libs/slf4j-reload4j-1.7.36.jar:/mnt/e/Python/projects/UPISAS/experiment-runner/kafka_2.13-3.2.0/bin/../libs/snappy-java-1.1.8.4.jar:/mnt/e/Python/projects/UPISAS/experiment-runner/kafka_2.13-3.2.0/bin/../libs/trogdor-3.2.0.jar:/mnt/e/Python/projects/UPISAS/experiment-runner/kafka_2.13-3.2.0/bin/../libs/zookeeper-3.6.3.jar:/mnt/e/Python/projects/UPISAS/experiment-runner/kafka_2.13-3.2.0/bin/../libs/zookeeper-jute-3.6.3.jar:/mnt/e/Python/projects/UPISAS/experiment-runner/kafka_2.13-3.2.0/bin/../libs/zstd-jni-1.5.2-1.jar (org.apache.zookeeper.ZooKeeper)
[2024-11-19 00:16:17,122] INFO Client environment:java.library.path=/usr/java/packages/lib:/usr/lib/x86_64-linux-gnu/jni:/lib/x86_64-linux-gnu:/usr/lib/x86_64-linux-gnu:/usr/lib/jni:/lib:/usr/lib (org.apache.zookeeper.ZooKeeper)
[2024-11-19 00:16:17,122] INFO Client environment:java.io.tmpdir=/tmp (org.apache.zookeeper.ZooKeeper)
[2024-11-19 00:16:17,123] INFO Client environment:java.compiler=<NA> (org.apache.zookeeper.ZooKeeper)
[2024-11-19 00:16:17,123] INFO Client environment:os.name=Linux (org.apache.zookeeper.ZooKeeper)
[2024-11-19 00:16:17,123] INFO Client environment:os.arch=amd64 (org.apache.zookeeper.ZooKeeper)
[2024-11-19 00:16:17,123] INFO Client environment:os.version=5.15.153.1-microsoft-standard-WSL2 (org.apache.zookeeper.ZooKeeper)
[2024-11-19 00:16:17,123] INFO Client environment:user.name=jin (org.apache.zookeeper.ZooKeeper)
[2024-11-19 00:16:17,124] INFO Client environment:user.home=/home/jin (org.apache.zookeeper.ZooKeeper)
[2024-11-19 00:16:17,124] INFO Client environment:user.dir=/mnt/e/Python/projects/UPISAS/experiment-runner/kafka_2.13-3.2.0 (org.apache.zookeeper.ZooKeeper)
[2024-11-19 00:16:17,124] INFO Client environment:os.memory.free=981MB (org.apache.zookeeper.ZooKeeper)
[2024-11-19 00:16:17,124] INFO Client environment:os.memory.max=1024MB (org.apache.zookeeper.ZooKeeper)
[2024-11-19 00:16:17,124] INFO Client environment:os.memory.total=1024MB (org.apache.zookeeper.ZooKeeper)
[2024-11-19 00:16:17,127] INFO Initiating client connection, connectString=localhost:2181 sessionTimeout=18000 watcher=kafka.zookeeper.ZooKeeperClient$ZooKeeperClientWatcher$@54eb2b70 (org.apache.zookeeper.ZooKeeper)
[2024-11-19 00:16:17,133] INFO jute.maxbuffer value is 4194304 Bytes (org.apache.zookeeper.ClientCnxnSocket)
[2024-11-19 00:16:17,139] INFO zookeeper.request.timeout value is 0. feature enabled=false (org.apache.zookeeper.ClientCnxn)
[2024-11-19 00:16:17,141] INFO [ZooKeeperClient Kafka server] Waiting until connected. (kafka.zookeeper.ZooKeeperClient)
[2024-11-19 00:16:17,144] INFO Opening socket connection to server localhost/127.0.0.1:2181. (org.apache.zookeeper.ClientCnxn)
[2024-11-19 00:16:17,147] WARN Session 0x0 for sever localhost/127.0.0.1:2181, Closing socket connection. Attempting reconnect except it is a SessionExpiredException. (org.apache.zookeeper.ClientCnxn)
java.net.ConnectException: Connection refused
	at java.base/sun.nio.ch.Net.pollConnect(Native Method)
	at java.base/sun.nio.ch.Net.pollConnectNow(Net.java:682)
	at java.base/sun.nio.ch.SocketChannelImpl.finishConnect(SocketChannelImpl.java:973)
	at org.apache.zookeeper.ClientCnxnSocketNIO.doTransport(ClientCnxnSocketNIO.java:344)
	at org.apache.zookeeper.ClientCnxn$SendThread.run(ClientCnxn.java:1290)
[2024-11-19 00:16:18,258] INFO Opening socket connection to server localhost/127.0.0.1:2181. (org.apache.zookeeper.ClientCnxn)
[2024-11-19 00:16:18,260] WARN Session 0x0 for sever localhost/127.0.0.1:2181, Closing socket connection. Attempting reconnect except it is a SessionExpiredException. (org.apache.zookeeper.ClientCnxn)
java.net.ConnectException: Connection refused
	at java.base/sun.nio.ch.Net.pollConnect(Native Method)
	at java.base/sun.nio.ch.Net.pollConnectNow(Net.java:682)
	at java.base/sun.nio.ch.SocketChannelImpl.finishConnect(SocketChannelImpl.java:973)
	at org.apache.zookeeper.ClientCnxnSocketNIO.doTransport(ClientCnxnSocketNIO.java:344)
	at org.apache.zookeeper.ClientCnxn$SendThread.run(ClientCnxn.java:1290)
[2024-11-19 00:16:16,634] INFO Opening socket connection to server localhost/127.0.0.1:2181. (org.apache.zookeeper.ClientCnxn)
[2024-11-19 00:16:16,635] WARN Session 0x0 for sever localhost/127.0.0.1:2181, Closing socket connection. Attempting reconnect except it is a SessionExpiredException. (org.apache.zookeeper.ClientCnxn)
java.net.ConnectException: Connection refused
	at java.base/sun.nio.ch.Net.pollConnect(Native Method)
	at java.base/sun.nio.ch.Net.pollConnectNow(Net.java:682)
	at java.base/sun.nio.ch.SocketChannelImpl.finishConnect(SocketChannelImpl.java:973)
	at org.apache.zookeeper.ClientCnxnSocketNIO.doTransport(ClientCnxnSocketNIO.java:344)
	at org.apache.zookeeper.ClientCnxn$SendThread.run(ClientCnxn.java:1290)
[2024-11-19 00:16:17,741] INFO Opening socket connection to server localhost/127.0.0.1:2181. (org.apache.zookeeper.ClientCnxn)
[2024-11-19 00:16:17,742] WARN Session 0x0 for sever localhost/127.0.0.1:2181, Closing socket connection. Attempting reconnect except it is a SessionExpiredException. (org.apache.zookeeper.ClientCnxn)
java.net.ConnectException: Connection refused
	at java.base/sun.nio.ch.Net.pollConnect(Native Method)
	at java.base/sun.nio.ch.Net.pollConnectNow(Net.java:682)
	at java.base/sun.nio.ch.SocketChannelImpl.finishConnect(SocketChannelImpl.java:973)
	at org.apache.zookeeper.ClientCnxnSocketNIO.doTransport(ClientCnxnSocketNIO.java:344)
	at org.apache.zookeeper.ClientCnxn$SendThread.run(ClientCnxn.java:1290)
[2024-11-19 00:16:18,845] INFO Opening socket connection to server localhost/127.0.0.1:2181. (org.apache.zookeeper.ClientCnxn)
[2024-11-19 00:16:18,846] WARN Session 0x0 for sever localhost/127.0.0.1:2181, Closing socket connection. Attempting reconnect except it is a SessionExpiredException. (org.apache.zookeeper.ClientCnxn)
java.net.ConnectException: Connection refused
	at java.base/sun.nio.ch.Net.pollConnect(Native Method)
	at java.base/sun.nio.ch.Net.pollConnectNow(Net.java:682)
	at java.base/sun.nio.ch.SocketChannelImpl.finishConnect(SocketChannelImpl.java:973)
	at org.apache.zookeeper.ClientCnxnSocketNIO.doTransport(ClientCnxnSocketNIO.java:344)
	at org.apache.zookeeper.ClientCnxn$SendThread.run(ClientCnxn.java:1290)
[2024-11-19 00:16:20,005] INFO Opening socket connection to server localhost/127.0.0.1:2181. (org.apache.zookeeper.ClientCnxn)
[2024-11-19 00:16:20,006] WARN Session 0x0 for sever localhost/127.0.0.1:2181, Closing socket connection. Attempting reconnect except it is a SessionExpiredException. (org.apache.zookeeper.ClientCnxn)
java.net.ConnectException: Connection refused
	at java.base/sun.nio.ch.Net.pollConnect(Native Method)
	at java.base/sun.nio.ch.Net.pollConnectNow(Net.java:682)
	at java.base/sun.nio.ch.SocketChannelImpl.finishConnect(SocketChannelImpl.java:973)
	at org.apache.zookeeper.ClientCnxnSocketNIO.doTransport(ClientCnxnSocketNIO.java:344)
	at org.apache.zookeeper.ClientCnxn$SendThread.run(ClientCnxn.java:1290)
[2024-11-19 00:16:21,114] INFO Opening socket connection to server localhost/127.0.0.1:2181. (org.apache.zookeeper.ClientCnxn)
[2024-11-19 00:16:21,115] WARN Session 0x0 for sever localhost/127.0.0.1:2181, Closing socket connection. Attempting reconnect except it is a SessionExpiredException. (org.apache.zookeeper.ClientCnxn)
java.net.ConnectException: Connection refused
	at java.base/sun.nio.ch.Net.pollConnect(Native Method)
	at java.base/sun.nio.ch.Net.pollConnectNow(Net.java:682)
	at java.base/sun.nio.ch.SocketChannelImpl.finishConnect(SocketChannelImpl.java:973)
	at org.apache.zookeeper.ClientCnxnSocketNIO.doTransport(ClientCnxnSocketNIO.java:344)
	at org.apache.zookeeper.ClientCnxn$SendThread.run(ClientCnxn.java:1290)
[2024-11-19 00:16:22,219] INFO Opening socket connection to server localhost/127.0.0.1:2181. (org.apache.zookeeper.ClientCnxn)
[2024-11-19 00:16:22,220] WARN Session 0x0 for sever localhost/127.0.0.1:2181, Closing socket connection. Attempting reconnect except it is a SessionExpiredException. (org.apache.zookeeper.ClientCnxn)
java.net.ConnectException: Connection refused
	at java.base/sun.nio.ch.Net.pollConnect(Native Method)
	at java.base/sun.nio.ch.Net.pollConnectNow(Net.java:682)
	at java.base/sun.nio.ch.SocketChannelImpl.finishConnect(SocketChannelImpl.java:973)
	at org.apache.zookeeper.ClientCnxnSocketNIO.doTransport(ClientCnxnSocketNIO.java:344)
	at org.apache.zookeeper.ClientCnxn$SendThread.run(ClientCnxn.java:1290)
[2024-11-19 00:16:23,330] INFO Opening socket connection to server localhost/127.0.0.1:2181. (org.apache.zookeeper.ClientCnxn)
[2024-11-19 00:16:23,330] WARN Session 0x0 for sever localhost/127.0.0.1:2181, Closing socket connection. Attempting reconnect except it is a SessionExpiredException. (org.apache.zookeeper.ClientCnxn)
java.net.ConnectException: Connection refused
	at java.base/sun.nio.ch.Net.pollConnect(Native Method)
	at java.base/sun.nio.ch.Net.pollConnectNow(Net.java:682)
	at java.base/sun.nio.ch.SocketChannelImpl.finishConnect(SocketChannelImpl.java:973)
	at org.apache.zookeeper.ClientCnxnSocketNIO.doTransport(ClientCnxnSocketNIO.java:344)
	at org.apache.zookeeper.ClientCnxn$SendThread.run(ClientCnxn.java:1290)
[2024-11-19 00:16:24,438] INFO Opening socket connection to server localhost/127.0.0.1:2181. (org.apache.zookeeper.ClientCnxn)
[2024-11-19 00:16:24,439] WARN Session 0x0 for sever localhost/127.0.0.1:2181, Closing socket connection. Attempting reconnect except it is a SessionExpiredException. (org.apache.zookeeper.ClientCnxn)
java.net.ConnectException: Connection refused
	at java.base/sun.nio.ch.Net.pollConnect(Native Method)
	at java.base/sun.nio.ch.Net.pollConnectNow(Net.java:682)
	at java.base/sun.nio.ch.SocketChannelImpl.finishConnect(SocketChannelImpl.java:973)
	at org.apache.zookeeper.ClientCnxnSocketNIO.doTransport(ClientCnxnSocketNIO.java:344)
	at org.apache.zookeeper.ClientCnxn$SendThread.run(ClientCnxn.java:1290)
[2024-11-19 00:16:25,542] INFO Opening socket connection to server localhost/127.0.0.1:2181. (org.apache.zookeeper.ClientCnxn)
[2024-11-19 00:16:25,543] WARN Session 0x0 for sever localhost/127.0.0.1:2181, Closing socket connection. Attempting reconnect except it is a SessionExpiredException. (org.apache.zookeeper.ClientCnxn)
java.net.ConnectException: Connection refused
	at java.base/sun.nio.ch.Net.pollConnect(Native Method)
	at java.base/sun.nio.ch.Net.pollConnectNow(Net.java:682)
	at java.base/sun.nio.ch.SocketChannelImpl.finishConnect(SocketChannelImpl.java:973)
	at org.apache.zookeeper.ClientCnxnSocketNIO.doTransport(ClientCnxnSocketNIO.java:344)
	at org.apache.zookeeper.ClientCnxn$SendThread.run(ClientCnxn.java:1290)
[2024-11-19 00:16:26,659] INFO Opening socket connection to server localhost/127.0.0.1:2181. (org.apache.zookeeper.ClientCnxn)
[2024-11-19 00:16:26,659] WARN Session 0x0 for sever localhost/127.0.0.1:2181, Closing socket connection. Attempting reconnect except it is a SessionExpiredException. (org.apache.zookeeper.ClientCnxn)
java.net.ConnectException: Connection refused
	at java.base/sun.nio.ch.Net.pollConnect(Native Method)
	at java.base/sun.nio.ch.Net.pollConnectNow(Net.java:682)
	at java.base/sun.nio.ch.SocketChannelImpl.finishConnect(SocketChannelImpl.java:973)
	at org.apache.zookeeper.ClientCnxnSocketNIO.doTransport(ClientCnxnSocketNIO.java:344)
	at org.apache.zookeeper.ClientCnxn$SendThread.run(ClientCnxn.java:1290)
[2024-11-19 00:16:27,765] INFO Opening socket connection to server localhost/127.0.0.1:2181. (org.apache.zookeeper.ClientCnxn)
[2024-11-19 00:16:27,766] WARN Session 0x0 for sever localhost/127.0.0.1:2181, Closing socket connection. Attempting reconnect except it is a SessionExpiredException. (org.apache.zookeeper.ClientCnxn)
java.net.ConnectException: Connection refused
	at java.base/sun.nio.ch.Net.pollConnect(Native Method)
	at java.base/sun.nio.ch.Net.pollConnectNow(Net.java:682)
	at java.base/sun.nio.ch.SocketChannelImpl.finishConnect(SocketChannelImpl.java:973)
	at org.apache.zookeeper.ClientCnxnSocketNIO.doTransport(ClientCnxnSocketNIO.java:344)
	at org.apache.zookeeper.ClientCnxn$SendThread.run(ClientCnxn.java:1290)
[2024-11-19 00:16:28,873] INFO Opening socket connection to server localhost/127.0.0.1:2181. (org.apache.zookeeper.ClientCnxn)
[2024-11-19 00:16:28,874] WARN Session 0x0 for sever localhost/127.0.0.1:2181, Closing socket connection. Attempting reconnect except it is a SessionExpiredException. (org.apache.zookeeper.ClientCnxn)
java.net.ConnectException: Connection refused
	at java.base/sun.nio.ch.Net.pollConnect(Native Method)
	at java.base/sun.nio.ch.Net.pollConnectNow(Net.java:682)
	at java.base/sun.nio.ch.SocketChannelImpl.finishConnect(SocketChannelImpl.java:973)
	at org.apache.zookeeper.ClientCnxnSocketNIO.doTransport(ClientCnxnSocketNIO.java:344)
	at org.apache.zookeeper.ClientCnxn$SendThread.run(ClientCnxn.java:1290)
[2024-11-19 00:16:29,988] INFO Opening socket connection to server localhost/127.0.0.1:2181. (org.apache.zookeeper.ClientCnxn)
[2024-11-19 00:16:29,989] WARN Session 0x0 for sever localhost/127.0.0.1:2181, Closing socket connection. Attempting reconnect except it is a SessionExpiredException. (org.apache.zookeeper.ClientCnxn)
java.net.ConnectException: Connection refused
	at java.base/sun.nio.ch.Net.pollConnect(Native Method)
	at java.base/sun.nio.ch.Net.pollConnectNow(Net.java:682)
	at java.base/sun.nio.ch.SocketChannelImpl.finishConnect(SocketChannelImpl.java:973)
	at org.apache.zookeeper.ClientCnxnSocketNIO.doTransport(ClientCnxnSocketNIO.java:344)
	at org.apache.zookeeper.ClientCnxn$SendThread.run(ClientCnxn.java:1290)
[2024-11-19 00:16:31,108] INFO Opening socket connection to server localhost/127.0.0.1:2181. (org.apache.zookeeper.ClientCnxn)
[2024-11-19 00:16:31,109] WARN Session 0x0 for sever localhost/127.0.0.1:2181, Closing socket connection. Attempting reconnect except it is a SessionExpiredException. (org.apache.zookeeper.ClientCnxn)
java.net.ConnectException: Connection refused
	at java.base/sun.nio.ch.Net.pollConnect(Native Method)
	at java.base/sun.nio.ch.Net.pollConnectNow(Net.java:682)
	at java.base/sun.nio.ch.SocketChannelImpl.finishConnect(SocketChannelImpl.java:973)
	at org.apache.zookeeper.ClientCnxnSocketNIO.doTransport(ClientCnxnSocketNIO.java:344)
	at org.apache.zookeeper.ClientCnxn$SendThread.run(ClientCnxn.java:1290)
[2024-11-19 00:16:32,244] INFO Opening socket connection to server localhost/127.0.0.1:2181. (org.apache.zookeeper.ClientCnxn)
[2024-11-19 00:16:32,245] WARN Session 0x0 for sever localhost/127.0.0.1:2181, Closing socket connection. Attempting reconnect except it is a SessionExpiredException. (org.apache.zookeeper.ClientCnxn)
java.net.ConnectException: Connection refused
	at java.base/sun.nio.ch.Net.pollConnect(Native Method)
	at java.base/sun.nio.ch.Net.pollConnectNow(Net.java:682)
	at java.base/sun.nio.ch.SocketChannelImpl.finishConnect(SocketChannelImpl.java:973)
	at org.apache.zookeeper.ClientCnxnSocketNIO.doTransport(ClientCnxnSocketNIO.java:344)
	at org.apache.zookeeper.ClientCnxn$SendThread.run(ClientCnxn.java:1290)
[2024-11-19 00:16:32,419] INFO [ZooKeeperClient Kafka server] Closing. (kafka.zookeeper.ZooKeeperClient)
[2024-11-19 00:16:33,356] INFO Opening socket connection to server localhost/127.0.0.1:2181. (org.apache.zookeeper.ClientCnxn)
[2024-11-19 00:16:33,357] WARN An exception was thrown while closing send thread for session 0x0. (org.apache.zookeeper.ClientCnxn)
java.net.ConnectException: Connection refused
	at java.base/sun.nio.ch.Net.pollConnect(Native Method)
	at java.base/sun.nio.ch.Net.pollConnectNow(Net.java:682)
	at java.base/sun.nio.ch.SocketChannelImpl.finishConnect(SocketChannelImpl.java:973)
	at org.apache.zookeeper.ClientCnxnSocketNIO.doTransport(ClientCnxnSocketNIO.java:344)
	at org.apache.zookeeper.ClientCnxn$SendThread.run(ClientCnxn.java:1290)
[2024-11-19 00:16:33,467] INFO Session: 0x0 closed (org.apache.zookeeper.ZooKeeper)
[2024-11-19 00:16:33,467] INFO EventThread shut down for session: 0x0 (org.apache.zookeeper.ClientCnxn)
[2024-11-19 00:16:33,468] INFO [ZooKeeperClient Kafka server] Closed. (kafka.zookeeper.ZooKeeperClient)
[2024-11-19 00:16:33,471] ERROR Fatal error during KafkaServer startup. Prepare to shutdown (kafka.server.KafkaServer)
kafka.zookeeper.ZooKeeperClientTimeoutException: Timed out waiting for connection while in state: CONNECTING
	at kafka.zookeeper.ZooKeeperClient.waitUntilConnected(ZooKeeperClient.scala:254)
	at kafka.zookeeper.ZooKeeperClient.<init>(ZooKeeperClient.scala:108)
	at kafka.zk.KafkaZkClient$.apply(KafkaZkClient.scala:1980)
	at kafka.server.KafkaServer.initZkClient(KafkaServer.scala:500)
	at kafka.server.KafkaServer.startup(KafkaServer.scala:203)
	at kafka.Kafka$.main(Kafka.scala:109)
	at kafka.Kafka.main(Kafka.scala)
[2024-11-19 00:16:33,472] INFO shutting down (kafka.server.KafkaServer)
[2024-11-19 00:16:33,478] INFO App info kafka.server for 0 unregistered (org.apache.kafka.common.utils.AppInfoParser)
[2024-11-19 00:16:33,478] INFO shut down completed (kafka.server.KafkaServer)
[2024-11-19 00:16:33,478] ERROR Exiting Kafka. (kafka.Kafka$)
[2024-11-19 00:16:33,479] INFO shutting down (kafka.server.KafkaServer)
